{
  "stats": {
    "suites": 1,
    "tests": 10,
    "passes": 10,
    "pending": 0,
    "failures": 0,
    "start": "2022-10-27T10:05:08.108Z",
    "end": "2022-10-27T10:05:09.136Z",
    "duration": 1028,
    "testsRegistered": 10,
    "passPercent": 100,
    "pendingPercent": 0,
    "other": 0,
    "hasOther": false,
    "skipped": 0,
    "hasSkipped": false
  },
  "results": [
    {
      "uuid": "e2eaeaf4-0f60-427a-88a1-b9ae35f394f1",
      "title": "",
      "fullFile": "E:\\Assesment QA\\technical_SIRCLO\\test.js",
      "file": "\\test.js",
      "beforeHooks": [],
      "afterHooks": [],
      "tests": [],
      "suites": [
        {
          "uuid": "d1055a48-0796-46a4-8ee5-01e273405e7a",
          "title": "GET, POST Automation API Testing",
          "fullFile": "E:\\Assesment QA\\technical_SIRCLO\\test.js",
          "file": "\\test.js",
          "beforeHooks": [],
          "afterHooks": [],
          "tests": [
            {
              "title": "/ - Success display main page containing welcome message",
              "fullTitle": "GET, POST Automation API Testing / - Success display main page containing welcome message",
              "timedOut": false,
              "duration": 103,
              "state": "passed",
              "speed": "slow",
              "pass": true,
              "fail": false,
              "pending": false,
              "context": null,
              "code": "//test case GET dengan endpoint /\n        const response = await request_url //await untuk menunggu request endpoint hingga sukses\n        .get(\"/\") //tipe http request\n        \n        \n        console.log(response.text);\n        console.log(response.body);\n        console.log(response.statusCode)\n        expect(response.type).to.equal('text/plain');\n        expect(response.statusCode).to.equal(302);",
              "err": {},
              "uuid": "4129cc5c-3ec4-48b2-a40b-56e985554795",
              "parentUUID": "d1055a48-0796-46a4-8ee5-01e273405e7a",
              "isHook": false,
              "skipped": false
            },
            {
              "title": "/GET login",
              "fullTitle": "GET, POST Automation API Testing /GET login",
              "timedOut": false,
              "duration": 69,
              "state": "passed",
              "speed": "medium",
              "pass": true,
              "fail": false,
              "pending": false,
              "context": null,
              "code": "//test case GET Login dengan kondisi belum login\n        const response = await request_url //await untuk menunggu request endpoint hingga sukses\n        .get(\"/login\") //tipe http request\n                    \n        console.log(response.body);",
              "err": {},
              "uuid": "5f3eb36e-04ef-4969-b406-66fcb8633a82",
              "parentUUID": "d1055a48-0796-46a4-8ee5-01e273405e7a",
              "isHook": false,
              "skipped": false
            },
            {
              "title": "/POST login",
              "fullTitle": "GET, POST Automation API Testing /POST login",
              "timedOut": false,
              "duration": 77,
              "state": "passed",
              "speed": "slow",
              "pass": true,
              "fail": false,
              "pending": false,
              "context": null,
              "code": "//test case POST Login dengan kondisi belum login atau tanpa input credentials\n        const response = await request_url //await untuk menunggu request endpoint hingga sukses\n        .post(\"/login\") //tipe http request\n                \n        console.log(response.body);",
              "err": {},
              "uuid": "1c2962c2-b6a1-4f71-a947-9155eeaffd76",
              "parentUUID": "d1055a48-0796-46a4-8ee5-01e273405e7a",
              "isHook": false,
              "skipped": false
            },
            {
              "title": "/POST login invalid credentials",
              "fullTitle": "GET, POST Automation API Testing /POST login invalid credentials",
              "timedOut": false,
              "duration": 142,
              "state": "passed",
              "speed": "slow",
              "pass": true,
              "fail": false,
              "pending": false,
              "context": null,
              "code": "//test case\n        let random_password = Math.random().toString(36).substring(7); // MEMBUAT RANDOM KATA\n        const response = await request_url //await untuk menunggu request endpoint hingga sukses\n        .post(\"/login\") //tipe http request\n        .send({ username: \"root\", password: \"\" });\n                    \n        console.log(response.body);\n        expect(response.status).to.equal(307);",
              "err": {},
              "uuid": "44d06d2e-c9da-4d30-b8c8-7ae0f740b41b",
              "parentUUID": "d1055a48-0796-46a4-8ee5-01e273405e7a",
              "isHook": false,
              "skipped": false
            },
            {
              "title": "/GET data without login",
              "fullTitle": "GET, POST Automation API Testing /GET data without login",
              "timedOut": false,
              "duration": 223,
              "state": "passed",
              "speed": "slow",
              "pass": true,
              "fail": false,
              "pending": false,
              "context": null,
              "code": "//test case GET Data dengan kondisi belum login\n        const response = await request_url //await untuk menunggu request endpoint hingga sukses\n        .get(\"/data\") //tipe http request\n                \n        console.log(response.body);",
              "err": {},
              "uuid": "5a9e47a7-7124-4850-b498-7b4f58cb6201",
              "parentUUID": "d1055a48-0796-46a4-8ee5-01e273405e7a",
              "isHook": false,
              "skipped": false
            },
            {
              "title": "/POST data without login",
              "fullTitle": "GET, POST Automation API Testing /POST data without login",
              "timedOut": false,
              "duration": 108,
              "state": "passed",
              "speed": "slow",
              "pass": true,
              "fail": false,
              "pending": false,
              "context": null,
              "code": "//test case POST Data dengan kondisi belum login\n        const response = await request_url //await untuk menunggu request endpoint hingga sukses\n        .post(\"/data\") //tipe http request\n                    \n        console.log(response.body);",
              "err": {},
              "uuid": "7b8cf0bc-879f-4b57-b5f8-7761f2b50873",
              "parentUUID": "d1055a48-0796-46a4-8ee5-01e273405e7a",
              "isHook": false,
              "skipped": false
            },
            {
              "title": "/POST login",
              "fullTitle": "GET, POST Automation API Testing /POST login",
              "timedOut": false,
              "duration": 68,
              "state": "passed",
              "speed": "medium",
              "pass": true,
              "fail": false,
              "pending": false,
              "context": null,
              "code": "//test case POST Login dengan credentials\n        const response = await request_url //await untuk menunggu request endpoint hingga sukses\n        .post(\"/login\") //tipe http request\n        .send({ username: \"root\", password: \"root123\" });//data yang dikirim\n                        \n        console.log(response.body);\n        expect(response.status).to.equal(307);",
              "err": {},
              "uuid": "ca80332a-9605-4be7-bd5a-64e780c02299",
              "parentUUID": "d1055a48-0796-46a4-8ee5-01e273405e7a",
              "isHook": false,
              "skipped": false
            },
            {
              "title": "/GET data with login",
              "fullTitle": "GET, POST Automation API Testing /GET data with login",
              "timedOut": false,
              "duration": 76,
              "state": "passed",
              "speed": "slow",
              "pass": true,
              "fail": false,
              "pending": false,
              "context": null,
              "code": "//test case GET Data dengan kondisi login\n        const response = await request_url //await untuk menunggu request endpoint hingga sukses\n        .get(\"/data\") //tipe http request\n                \n        const hasil_response = response.body;\n        console.log(response.body);",
              "err": {},
              "uuid": "4003cbad-d585-4dd0-be87-2e22b3a48636",
              "parentUUID": "d1055a48-0796-46a4-8ee5-01e273405e7a",
              "isHook": false,
              "skipped": false
            },
            {
              "title": "/POST data with login",
              "fullTitle": "GET, POST Automation API Testing /POST data with login",
              "timedOut": false,
              "duration": 75,
              "state": "passed",
              "speed": "medium",
              "pass": true,
              "fail": false,
              "pending": false,
              "context": null,
              "code": "//test case POST Data dengan kondisi login\n        const response = await request_url //await untuk menunggu request endpoint hingga sukses\n        .post(\"/data\") //tipe http request\n        \n        console.log(response.body);",
              "err": {},
              "uuid": "21101e9b-10ba-4922-9ba3-e6841bfab4d6",
              "parentUUID": "d1055a48-0796-46a4-8ee5-01e273405e7a",
              "isHook": false,
              "skipped": false
            },
            {
              "title": "/POST logout",
              "fullTitle": "GET, POST Automation API Testing /POST logout",
              "timedOut": false,
              "duration": 75,
              "state": "passed",
              "speed": "medium",
              "pass": true,
              "fail": false,
              "pending": false,
              "context": null,
              "code": "//test case POST Login dengan credentials\n        const response = await request_url //await untuk menunggu request endpoint hingga sukses\n        .post(\"/login\") //tipe http request\n                        \n        console.log(response.body);\n        expect(response.status).to.equal(307);",
              "err": {},
              "uuid": "2f8f0a24-9663-4a41-b0b6-179b52fe2e9c",
              "parentUUID": "d1055a48-0796-46a4-8ee5-01e273405e7a",
              "isHook": false,
              "skipped": false
            }
          ],
          "suites": [],
          "passes": [
            "4129cc5c-3ec4-48b2-a40b-56e985554795",
            "5f3eb36e-04ef-4969-b406-66fcb8633a82",
            "1c2962c2-b6a1-4f71-a947-9155eeaffd76",
            "44d06d2e-c9da-4d30-b8c8-7ae0f740b41b",
            "5a9e47a7-7124-4850-b498-7b4f58cb6201",
            "7b8cf0bc-879f-4b57-b5f8-7761f2b50873",
            "ca80332a-9605-4be7-bd5a-64e780c02299",
            "4003cbad-d585-4dd0-be87-2e22b3a48636",
            "21101e9b-10ba-4922-9ba3-e6841bfab4d6",
            "2f8f0a24-9663-4a41-b0b6-179b52fe2e9c"
          ],
          "failures": [],
          "pending": [],
          "skipped": [],
          "duration": 1016,
          "root": false,
          "rootEmpty": false,
          "_timeout": 2000
        }
      ],
      "passes": [],
      "failures": [],
      "pending": [],
      "skipped": [],
      "duration": 0,
      "root": true,
      "rootEmpty": true,
      "_timeout": 2000
    }
  ],
  "meta": {
    "mocha": {
      "version": "10.1.0"
    },
    "mochawesome": {
      "options": {
        "quiet": false,
        "reportFilename": "mochawesome",
        "saveHtml": true,
        "saveJson": true,
        "consoleReporter": "spec",
        "useInlineDiffs": false,
        "code": true
      },
      "version": "7.1.3"
    },
    "marge": {
      "options": null,
      "version": "6.2.0"
    }
  }
}